2018-06-20 13:15:01.752  INFO 69375 --- [main] c.e.SpringMysqlHibernateApplication      : Starting SpringMysqlHibernateApplication v0.0.1-SNAPSHOT on zjdeMacBook-Air.local with PID 69375 (/Users/zj/Documents/company_code/IdeaProjects/spring-mysql-hibernate/target/demo-0.0.1-SNAPSHOT.jar started by zj in /Users/zj/Documents/company_code/IdeaProjects/spring-mysql-hibernate)
2018-06-20 13:15:01.757  INFO 69375 --- [main] c.e.SpringMysqlHibernateApplication      : No active profile set, falling back to default profiles: default
2018-06-20 13:15:01.852  INFO 69375 --- [main] ConfigServletWebServerApplicationContext : Refreshing org.springframework.boot.web.servlet.context.AnnotationConfigServletWebServerApplicationContext@4f4a7090: startup date [Wed Jun 20 13:15:01 HKT 2018]; root of context hierarchy
2018-06-20 13:15:04.718  INFO 69375 --- [main] trationDelegate$BeanPostProcessorChecker : Bean 'org.springframework.transaction.annotation.ProxyTransactionManagementConfiguration' of type [org.springframework.transaction.annotation.ProxyTransactionManagementConfiguration$$EnhancerBySpringCGLIB$$57e0b796] is not eligible for getting processed by all BeanPostProcessors (for example: not eligible for auto-proxying)
2018-06-20 13:15:05.444  INFO 69375 --- [main] o.s.b.w.embedded.tomcat.TomcatWebServer  : Tomcat initialized with port(s): 9090 (http)
2018-06-20 13:15:05.508  INFO 69375 --- [main] o.apache.catalina.core.StandardService   : Starting service [Tomcat]
2018-06-20 13:15:05.509  INFO 69375 --- [main] org.apache.catalina.core.StandardEngine  : Starting Servlet Engine: Apache Tomcat/8.5.31
2018-06-20 13:15:05.566  INFO 69375 --- [localhost-startStop-1] o.a.catalina.core.AprLifecycleListener   : The APR based Apache Tomcat Native library which allows optimal performance in production environments was not found on the java.library.path: [/Users/zj/Library/Java/Extensions:/Library/Java/Extensions:/Network/Library/Java/Extensions:/System/Library/Java/Extensions:/usr/lib/java:.]
2018-06-20 13:15:05.729  INFO 69375 --- [localhost-startStop-1] o.a.c.c.C.[Tomcat].[localhost].[/]       : Initializing Spring embedded WebApplicationContext
2018-06-20 13:15:05.730  INFO 69375 --- [localhost-startStop-1] o.s.web.context.ContextLoader            : Root WebApplicationContext: initialization completed in 3877 ms
2018-06-20 13:15:06.128  INFO 69375 --- [localhost-startStop-1] o.s.b.w.servlet.ServletRegistrationBean  : Servlet dispatcherServlet mapped to [/]
2018-06-20 13:15:06.138  INFO 69375 --- [localhost-startStop-1] o.s.b.w.servlet.FilterRegistrationBean   : Mapping filter: 'characterEncodingFilter' to: [/*]
2018-06-20 13:15:06.139  INFO 69375 --- [localhost-startStop-1] o.s.b.w.servlet.FilterRegistrationBean   : Mapping filter: 'hiddenHttpMethodFilter' to: [/*]
2018-06-20 13:15:06.140  INFO 69375 --- [localhost-startStop-1] o.s.b.w.servlet.FilterRegistrationBean   : Mapping filter: 'httpPutFormContentFilter' to: [/*]
2018-06-20 13:15:06.141  INFO 69375 --- [localhost-startStop-1] o.s.b.w.servlet.FilterRegistrationBean   : Mapping filter: 'requestContextFilter' to: [/*]
2018-06-20 13:15:06.504  INFO 69375 --- [main] com.zaxxer.hikari.HikariDataSource       : HikariPool-1 - Starting...
2018-06-20 13:15:07.424  INFO 69375 --- [main] com.zaxxer.hikari.HikariDataSource       : HikariPool-1 - Start completed.
2018-06-20 13:15:07.584  INFO 69375 --- [main] j.LocalContainerEntityManagerFactoryBean : Building JPA container EntityManagerFactory for persistence unit 'default'
2018-06-20 13:15:07.670  INFO 69375 --- [main] o.hibernate.jpa.internal.util.LogHelper  : HHH000204: Processing PersistenceUnitInfo [
	name: default
	...]
2018-06-20 13:15:08.157  INFO 69375 --- [main] org.hibernate.Version                    : HHH000412: Hibernate Core {5.2.17.Final}
2018-06-20 13:15:08.161  INFO 69375 --- [main] org.hibernate.cfg.Environment            : HHH000206: hibernate.properties not found
2018-06-20 13:15:08.381  INFO 69375 --- [main] o.hibernate.annotations.common.Version   : HCANN000001: Hibernate Commons Annotations {5.0.1.Final}
2018-06-20 13:15:08.953  INFO 69375 --- [main] org.hibernate.dialect.Dialect            : HHH000400: Using dialect: org.hibernate.dialect.MySQL5Dialect
2018-06-20 13:15:09.987  INFO 69375 --- [main] j.LocalContainerEntityManagerFactoryBean : Initialized JPA EntityManagerFactory for persistence unit 'default'
2018-06-20 13:15:11.273  INFO 69375 --- [main] o.s.w.s.handler.SimpleUrlHandlerMapping  : Mapped URL path [/**/favicon.ico] onto handler of type [class org.springframework.web.servlet.resource.ResourceHttpRequestHandler]
2018-06-20 13:15:11.847  INFO 69375 --- [main] s.w.s.m.m.a.RequestMappingHandlerAdapter : Looking for @ControllerAdvice: org.springframework.boot.web.servlet.context.AnnotationConfigServletWebServerApplicationContext@4f4a7090: startup date [Wed Jun 20 13:15:01 HKT 2018]; root of context hierarchy
2018-06-20 13:15:11.963  WARN 69375 --- [main] aWebConfiguration$JpaWebMvcConfiguration : spring.jpa.open-in-view is enabled by default. Therefore, database queries may be performed during view rendering. Explicitly configure spring.jpa.open-in-view to disable this warning
2018-06-20 13:15:12.056  INFO 69375 --- [main] s.w.s.m.m.a.RequestMappingHandlerMapping : Mapped "{[/hello],methods=[GET]}" onto public java.lang.String com.example.contoller.DemoController.index()
2018-06-20 13:15:12.058  INFO 69375 --- [main] s.w.s.m.m.a.RequestMappingHandlerMapping : Mapped "{[/{name}],methods=[GET]}" onto public java.lang.String com.example.contoller.DemoController.index(java.lang.String)
2018-06-20 13:15:12.058  INFO 69375 --- [main] s.w.s.m.m.a.RequestMappingHandlerMapping : Mapped "{[/home]}" onto public java.lang.String com.example.contoller.DemoController.home()
2018-06-20 13:15:12.059  INFO 69375 --- [main] s.w.s.m.m.a.RequestMappingHandlerMapping : Mapped "{[/get],methods=[GET]}" onto public com.example.dao.Person com.example.contoller.DemoController.getP(java.lang.String)
2018-06-20 13:15:12.059  INFO 69375 --- [main] s.w.s.m.m.a.RequestMappingHandlerMapping : Mapped "{[/setname],methods=[POST]}" onto public java.lang.String com.example.contoller.DemoController.setname(com.example.dao.Person)
2018-06-20 13:15:12.060  INFO 69375 --- [main] s.w.s.m.m.a.RequestMappingHandlerMapping : Mapped "{[/viewDetail]}" onto public java.lang.String com.example.contoller.DemoController.addQuestion(java.util.Map<java.lang.String, java.lang.Object>)
2018-06-20 13:15:12.061  INFO 69375 --- [main] s.w.s.m.m.a.RequestMappingHandlerMapping : Mapped "{[/testpost],methods=[POST]}" onto public java.lang.String com.example.contoller.DemoController.testpost()
2018-06-20 13:15:12.062  INFO 69375 --- [main] s.w.s.m.m.a.RequestMappingHandlerMapping : Mapped "{[/HelloController],methods=[GET]}" onto public java.lang.String com.example.contoller.DemoController$HelloController.sayHello(java.lang.Integer)
2018-06-20 13:15:12.069  INFO 69375 --- [main] s.w.s.m.m.a.RequestMappingHandlerMapping : Mapped "{[/error]}" onto public org.springframework.http.ResponseEntity<java.util.Map<java.lang.String, java.lang.Object>> org.springframework.boot.autoconfigure.web.servlet.error.BasicErrorController.error(javax.servlet.http.HttpServletRequest)
2018-06-20 13:15:12.070  INFO 69375 --- [main] s.w.s.m.m.a.RequestMappingHandlerMapping : Mapped "{[/error],produces=[text/html]}" onto public org.springframework.web.servlet.ModelAndView org.springframework.boot.autoconfigure.web.servlet.error.BasicErrorController.errorHtml(javax.servlet.http.HttpServletRequest,javax.servlet.http.HttpServletResponse)
2018-06-20 13:15:12.147  INFO 69375 --- [main] o.s.w.s.handler.SimpleUrlHandlerMapping  : Mapped URL path [/webjars/**] onto handler of type [class org.springframework.web.servlet.resource.ResourceHttpRequestHandler]
2018-06-20 13:15:12.148  INFO 69375 --- [main] o.s.w.s.handler.SimpleUrlHandlerMapping  : Mapped URL path [/**] onto handler of type [class org.springframework.web.servlet.resource.ResourceHttpRequestHandler]
2018-06-20 13:15:12.686  INFO 69375 --- [main] o.s.j.e.a.AnnotationMBeanExporter        : Registering beans for JMX exposure on startup
2018-06-20 13:15:12.689  INFO 69375 --- [main] o.s.j.e.a.AnnotationMBeanExporter        : Bean with name 'dataSource' has been autodetected for JMX exposure
2018-06-20 13:15:12.701  INFO 69375 --- [main] o.s.j.e.a.AnnotationMBeanExporter        : Located MBean 'dataSource': registering with JMX server as MBean [com.zaxxer.hikari:name=dataSource,type=HikariDataSource]
2018-06-20 13:15:12.824  INFO 69375 --- [main] o.s.b.w.embedded.tomcat.TomcatWebServer  : Tomcat started on port(s): 9090 (http) with context path ''
2018-06-20 13:15:12.830  INFO 69375 --- [main] c.e.SpringMysqlHibernateApplication      : Started SpringMysqlHibernateApplication in 12.044 seconds (JVM running for 12.89)
2018-06-20 13:15:18.222  INFO 69375 --- [http-nio-9090-exec-1] o.a.c.c.C.[Tomcat].[localhost].[/]       : Initializing Spring FrameworkServlet 'dispatcherServlet'
2018-06-20 13:15:18.222  INFO 69375 --- [http-nio-9090-exec-1] o.s.web.servlet.DispatcherServlet        : FrameworkServlet 'dispatcherServlet': initialization started
2018-06-20 13:15:18.254  INFO 69375 --- [http-nio-9090-exec-1] o.s.web.servlet.DispatcherServlet        : FrameworkServlet 'dispatcherServlet': initialization completed in 32 ms
2018-06-20 13:15:18.500  INFO 69375 --- [http-nio-9090-exec-1] com.example.contoller.DemoController     : test info level
2018-06-20 13:15:18.500  WARN 69375 --- [http-nio-9090-exec-1] com.example.contoller.DemoController     : test warn level
2018-06-20 13:15:18.500 ERROR 69375 --- [http-nio-9090-exec-1] com.example.contoller.DemoController     : test error level
2018-06-20 13:15:18.501 ERROR 69375 --- [http-nio-9090-exec-1] com.example.contoller.DemoController     : test fatal level
2018-06-20 13:15:18.505  INFO 69375 --- [http-nio-9090-exec-1] com.example.contoller.DemoController     : test name:%s
2018-06-20 13:15:18.505  INFO 69375 --- [http-nio-9090-exec-1] com.example.contoller.DemoController     : test addr:%s
2018-06-20 13:15:18.505  INFO 69375 --- [http-nio-9090-exec-1] com.example.contoller.DemoController     : test id:%s
2018-06-20 13:18:51.364  INFO 69375 --- [Thread-3] ConfigServletWebServerApplicationContext : Closing org.springframework.boot.web.servlet.context.AnnotationConfigServletWebServerApplicationContext@4f4a7090: startup date [Wed Jun 20 13:15:01 HKT 2018]; root of context hierarchy
2018-06-20 13:18:51.374  INFO 69375 --- [Thread-3] o.s.j.e.a.AnnotationMBeanExporter        : Unregistering JMX-exposed beans on shutdown
2018-06-20 13:18:51.376  INFO 69375 --- [Thread-3] o.s.j.e.a.AnnotationMBeanExporter        : Unregistering JMX-exposed beans
2018-06-20 13:18:51.378  INFO 69375 --- [Thread-3] j.LocalContainerEntityManagerFactoryBean : Closing JPA EntityManagerFactory for persistence unit 'default'
2018-06-20 13:18:51.397  INFO 69375 --- [Thread-3] com.zaxxer.hikari.HikariDataSource       : HikariPool-1 - Shutdown initiated...
2018-06-20 13:18:51.416  INFO 69375 --- [Thread-3] com.zaxxer.hikari.HikariDataSource       : HikariPool-1 - Shutdown completed.
2018-06-20 13:19:12.001  INFO 69512 --- [main] c.e.SpringMysqlHibernateApplication      : Starting SpringMysqlHibernateApplication v0.0.1-SNAPSHOT on zjdeMacBook-Air.local with PID 69512 (/Users/zj/Documents/company_code/IdeaProjects/spring-mysql-hibernate/target/demo-0.0.1-SNAPSHOT.jar started by zj in /Users/zj/Documents/company_code/IdeaProjects/spring-mysql-hibernate)
2018-06-20 13:19:12.010  INFO 69512 --- [main] c.e.SpringMysqlHibernateApplication      : No active profile set, falling back to default profiles: default
2018-06-20 13:19:12.171  INFO 69512 --- [main] ConfigServletWebServerApplicationContext : Refreshing org.springframework.boot.web.servlet.context.AnnotationConfigServletWebServerApplicationContext@4f4a7090: startup date [Wed Jun 20 13:19:12 HKT 2018]; root of context hierarchy
2018-06-20 13:19:14.892  INFO 69512 --- [main] trationDelegate$BeanPostProcessorChecker : Bean 'org.springframework.transaction.annotation.ProxyTransactionManagementConfiguration' of type [org.springframework.transaction.annotation.ProxyTransactionManagementConfiguration$$EnhancerBySpringCGLIB$$ef61298c] is not eligible for getting processed by all BeanPostProcessors (for example: not eligible for auto-proxying)
2018-06-20 13:19:15.593  INFO 69512 --- [main] o.s.b.w.embedded.tomcat.TomcatWebServer  : Tomcat initialized with port(s): 9090 (http)
2018-06-20 13:19:15.652  INFO 69512 --- [main] o.apache.catalina.core.StandardService   : Starting service [Tomcat]
2018-06-20 13:19:15.653  INFO 69512 --- [main] org.apache.catalina.core.StandardEngine  : Starting Servlet Engine: Apache Tomcat/8.5.31
2018-06-20 13:19:15.675  INFO 69512 --- [localhost-startStop-1] o.a.catalina.core.AprLifecycleListener   : The APR based Apache Tomcat Native library which allows optimal performance in production environments was not found on the java.library.path: [/Users/zj/Library/Java/Extensions:/Library/Java/Extensions:/Network/Library/Java/Extensions:/System/Library/Java/Extensions:/usr/lib/java:.]
2018-06-20 13:19:15.954  INFO 69512 --- [localhost-startStop-1] o.a.c.c.C.[Tomcat].[localhost].[/]       : Initializing Spring embedded WebApplicationContext
2018-06-20 13:19:15.955  INFO 69512 --- [localhost-startStop-1] o.s.web.context.ContextLoader            : Root WebApplicationContext: initialization completed in 3784 ms
2018-06-20 13:19:16.255  INFO 69512 --- [localhost-startStop-1] o.s.b.w.servlet.ServletRegistrationBean  : Servlet dispatcherServlet mapped to [/]
2018-06-20 13:19:16.263  INFO 69512 --- [localhost-startStop-1] o.s.b.w.servlet.FilterRegistrationBean   : Mapping filter: 'characterEncodingFilter' to: [/*]
2018-06-20 13:19:16.264  INFO 69512 --- [localhost-startStop-1] o.s.b.w.servlet.FilterRegistrationBean   : Mapping filter: 'hiddenHttpMethodFilter' to: [/*]
2018-06-20 13:19:16.265  INFO 69512 --- [localhost-startStop-1] o.s.b.w.servlet.FilterRegistrationBean   : Mapping filter: 'httpPutFormContentFilter' to: [/*]
2018-06-20 13:19:16.266  INFO 69512 --- [localhost-startStop-1] o.s.b.w.servlet.FilterRegistrationBean   : Mapping filter: 'requestContextFilter' to: [/*]
2018-06-20 13:19:16.631  INFO 69512 --- [main] com.zaxxer.hikari.HikariDataSource       : HikariPool-1 - Starting...
2018-06-20 13:19:17.456  INFO 69512 --- [main] com.zaxxer.hikari.HikariDataSource       : HikariPool-1 - Start completed.
2018-06-20 13:19:17.540  INFO 69512 --- [main] j.LocalContainerEntityManagerFactoryBean : Building JPA container EntityManagerFactory for persistence unit 'default'
2018-06-20 13:19:17.580  INFO 69512 --- [main] o.hibernate.jpa.internal.util.LogHelper  : HHH000204: Processing PersistenceUnitInfo [
	name: default
	...]
2018-06-20 13:19:17.724  INFO 69512 --- [main] org.hibernate.Version                    : HHH000412: Hibernate Core {5.2.17.Final}
2018-06-20 13:19:17.726  INFO 69512 --- [main] org.hibernate.cfg.Environment            : HHH000206: hibernate.properties not found
2018-06-20 13:19:17.801  INFO 69512 --- [main] o.hibernate.annotations.common.Version   : HCANN000001: Hibernate Commons Annotations {5.0.1.Final}
2018-06-20 13:19:18.080  INFO 69512 --- [main] org.hibernate.dialect.Dialect            : HHH000400: Using dialect: org.hibernate.dialect.MySQL5Dialect
2018-06-20 13:19:18.946  INFO 69512 --- [main] j.LocalContainerEntityManagerFactoryBean : Initialized JPA EntityManagerFactory for persistence unit 'default'
2018-06-20 13:19:19.840  INFO 69512 --- [main] o.s.w.s.handler.SimpleUrlHandlerMapping  : Mapped URL path [/**/favicon.ico] onto handler of type [class org.springframework.web.servlet.resource.ResourceHttpRequestHandler]
2018-06-20 13:19:20.323  INFO 69512 --- [main] s.w.s.m.m.a.RequestMappingHandlerAdapter : Looking for @ControllerAdvice: org.springframework.boot.web.servlet.context.AnnotationConfigServletWebServerApplicationContext@4f4a7090: startup date [Wed Jun 20 13:19:12 HKT 2018]; root of context hierarchy
2018-06-20 13:19:20.414  WARN 69512 --- [main] aWebConfiguration$JpaWebMvcConfiguration : spring.jpa.open-in-view is enabled by default. Therefore, database queries may be performed during view rendering. Explicitly configure spring.jpa.open-in-view to disable this warning
2018-06-20 13:19:20.490  INFO 69512 --- [main] s.w.s.m.m.a.RequestMappingHandlerMapping : Mapped "{[/hello],methods=[GET]}" onto public java.lang.String com.example.contoller.DemoController.index()
2018-06-20 13:19:20.492  INFO 69512 --- [main] s.w.s.m.m.a.RequestMappingHandlerMapping : Mapped "{[/{name}],methods=[GET]}" onto public java.lang.String com.example.contoller.DemoController.index(java.lang.String)
2018-06-20 13:19:20.494  INFO 69512 --- [main] s.w.s.m.m.a.RequestMappingHandlerMapping : Mapped "{[/home]}" onto public java.lang.String com.example.contoller.DemoController.home()
2018-06-20 13:19:20.495  INFO 69512 --- [main] s.w.s.m.m.a.RequestMappingHandlerMapping : Mapped "{[/setname],methods=[POST]}" onto public java.lang.String com.example.contoller.DemoController.setname(com.example.dao.Person)
2018-06-20 13:19:20.497  INFO 69512 --- [main] s.w.s.m.m.a.RequestMappingHandlerMapping : Mapped "{[/get],methods=[GET]}" onto public com.example.dao.Person com.example.contoller.DemoController.getP(java.lang.String)
2018-06-20 13:19:20.498  INFO 69512 --- [main] s.w.s.m.m.a.RequestMappingHandlerMapping : Mapped "{[/viewDetail]}" onto public java.lang.String com.example.contoller.DemoController.addQuestion(java.util.Map<java.lang.String, java.lang.Object>)
2018-06-20 13:19:20.499  INFO 69512 --- [main] s.w.s.m.m.a.RequestMappingHandlerMapping : Mapped "{[/testpost],methods=[POST]}" onto public java.lang.String com.example.contoller.DemoController.testpost()
2018-06-20 13:19:20.499  INFO 69512 --- [main] s.w.s.m.m.a.RequestMappingHandlerMapping : Mapped "{[/HelloController],methods=[GET]}" onto public java.lang.String com.example.contoller.DemoController$HelloController.sayHello(java.lang.Integer)
2018-06-20 13:19:20.507  INFO 69512 --- [main] s.w.s.m.m.a.RequestMappingHandlerMapping : Mapped "{[/error]}" onto public org.springframework.http.ResponseEntity<java.util.Map<java.lang.String, java.lang.Object>> org.springframework.boot.autoconfigure.web.servlet.error.BasicErrorController.error(javax.servlet.http.HttpServletRequest)
2018-06-20 13:19:20.525  INFO 69512 --- [main] s.w.s.m.m.a.RequestMappingHandlerMapping : Mapped "{[/error],produces=[text/html]}" onto public org.springframework.web.servlet.ModelAndView org.springframework.boot.autoconfigure.web.servlet.error.BasicErrorController.errorHtml(javax.servlet.http.HttpServletRequest,javax.servlet.http.HttpServletResponse)
2018-06-20 13:19:20.617  INFO 69512 --- [main] o.s.w.s.handler.SimpleUrlHandlerMapping  : Mapped URL path [/webjars/**] onto handler of type [class org.springframework.web.servlet.resource.ResourceHttpRequestHandler]
2018-06-20 13:19:20.617  INFO 69512 --- [main] o.s.w.s.handler.SimpleUrlHandlerMapping  : Mapped URL path [/**] onto handler of type [class org.springframework.web.servlet.resource.ResourceHttpRequestHandler]
2018-06-20 13:19:21.086  INFO 69512 --- [main] o.s.j.e.a.AnnotationMBeanExporter        : Registering beans for JMX exposure on startup
2018-06-20 13:19:21.089  INFO 69512 --- [main] o.s.j.e.a.AnnotationMBeanExporter        : Bean with name 'dataSource' has been autodetected for JMX exposure
2018-06-20 13:19:21.098  INFO 69512 --- [main] o.s.j.e.a.AnnotationMBeanExporter        : Located MBean 'dataSource': registering with JMX server as MBean [com.zaxxer.hikari:name=dataSource,type=HikariDataSource]
2018-06-20 13:19:21.175  INFO 69512 --- [main] o.s.b.w.embedded.tomcat.TomcatWebServer  : Tomcat started on port(s): 9090 (http) with context path ''
2018-06-20 13:19:21.180  INFO 69512 --- [main] c.e.SpringMysqlHibernateApplication      : Started SpringMysqlHibernateApplication in 10.444 seconds (JVM running for 11.445)
2018-06-20 13:19:23.142  INFO 69512 --- [http-nio-9090-exec-1] o.a.c.c.C.[Tomcat].[localhost].[/]       : Initializing Spring FrameworkServlet 'dispatcherServlet'
2018-06-20 13:19:23.143  INFO 69512 --- [http-nio-9090-exec-1] o.s.web.servlet.DispatcherServlet        : FrameworkServlet 'dispatcherServlet': initialization started
2018-06-20 13:19:23.174  INFO 69512 --- [http-nio-9090-exec-1] o.s.web.servlet.DispatcherServlet        : FrameworkServlet 'dispatcherServlet': initialization completed in 31 ms
2018-06-20 13:19:23.372  INFO 69512 --- [http-nio-9090-exec-1] com.example.contoller.DemoController     : test info level
2018-06-20 13:19:23.373  WARN 69512 --- [http-nio-9090-exec-1] com.example.contoller.DemoController     : test warn level
2018-06-20 13:19:23.374 ERROR 69512 --- [http-nio-9090-exec-1] com.example.contoller.DemoController     : test error level
2018-06-20 13:19:23.374 ERROR 69512 --- [http-nio-9090-exec-1] com.example.contoller.DemoController     : test fatal level
2018-06-20 13:19:23.375  INFO 69512 --- [http-nio-9090-exec-1] com.example.contoller.DemoController     : test name:%szj
2018-06-20 13:19:23.379  INFO 69512 --- [http-nio-9090-exec-1] com.example.contoller.DemoController     : test addr:%s
2018-06-20 13:19:23.379  INFO 69512 --- [http-nio-9090-exec-1] com.example.contoller.DemoController     : test id:%s
2018-06-20 13:19:24.709  INFO 69512 --- [http-nio-9090-exec-2] com.example.contoller.DemoController     : test info level
2018-06-20 13:19:24.709  WARN 69512 --- [http-nio-9090-exec-2] com.example.contoller.DemoController     : test warn level
2018-06-20 13:19:24.710 ERROR 69512 --- [http-nio-9090-exec-2] com.example.contoller.DemoController     : test error level
2018-06-20 13:19:24.710 ERROR 69512 --- [http-nio-9090-exec-2] com.example.contoller.DemoController     : test fatal level
2018-06-20 13:19:24.710  INFO 69512 --- [http-nio-9090-exec-2] com.example.contoller.DemoController     : test name:%szj
2018-06-20 13:19:24.710  INFO 69512 --- [http-nio-9090-exec-2] com.example.contoller.DemoController     : test addr:%s
2018-06-20 13:19:24.710  INFO 69512 --- [http-nio-9090-exec-2] com.example.contoller.DemoController     : test id:%s
2018-06-20 13:20:53.203  INFO 69512 --- [Thread-3] ConfigServletWebServerApplicationContext : Closing org.springframework.boot.web.servlet.context.AnnotationConfigServletWebServerApplicationContext@4f4a7090: startup date [Wed Jun 20 13:19:12 HKT 2018]; root of context hierarchy
2018-06-20 13:20:53.219  INFO 69512 --- [Thread-3] o.s.j.e.a.AnnotationMBeanExporter        : Unregistering JMX-exposed beans on shutdown
2018-06-20 13:20:53.220  INFO 69512 --- [Thread-3] o.s.j.e.a.AnnotationMBeanExporter        : Unregistering JMX-exposed beans
2018-06-20 13:20:53.228  INFO 69512 --- [Thread-3] j.LocalContainerEntityManagerFactoryBean : Closing JPA EntityManagerFactory for persistence unit 'default'
2018-06-20 13:20:53.236  INFO 69512 --- [Thread-3] com.zaxxer.hikari.HikariDataSource       : HikariPool-1 - Shutdown initiated...
2018-06-20 13:20:53.255  INFO 69512 --- [Thread-3] com.zaxxer.hikari.HikariDataSource       : HikariPool-1 - Shutdown completed.
2018-06-20 13:21:50.643  INFO 69635 --- [main] c.e.SpringMysqlHibernateApplication      : Starting SpringMysqlHibernateApplication v0.0.1-SNAPSHOT on zjdeMacBook-Air.local with PID 69635 (/Users/zj/Documents/company_code/IdeaProjects/spring-mysql-hibernate/target/demo-0.0.1-SNAPSHOT.jar started by zj in /Users/zj/Documents/company_code/IdeaProjects/spring-mysql-hibernate)
2018-06-20 13:21:50.649  INFO 69635 --- [main] c.e.SpringMysqlHibernateApplication      : No active profile set, falling back to default profiles: default
2018-06-20 13:21:50.786  INFO 69635 --- [main] ConfigServletWebServerApplicationContext : Refreshing org.springframework.boot.web.servlet.context.AnnotationConfigServletWebServerApplicationContext@ba4d54: startup date [Wed Jun 20 13:21:50 HKT 2018]; root of context hierarchy
2018-06-20 13:21:53.042  INFO 69635 --- [main] trationDelegate$BeanPostProcessorChecker : Bean 'org.springframework.transaction.annotation.ProxyTransactionManagementConfiguration' of type [org.springframework.transaction.annotation.ProxyTransactionManagementConfiguration$$EnhancerBySpringCGLIB$$709483b4] is not eligible for getting processed by all BeanPostProcessors (for example: not eligible for auto-proxying)
2018-06-20 13:21:53.593  INFO 69635 --- [main] o.s.b.w.embedded.tomcat.TomcatWebServer  : Tomcat initialized with port(s): 9090 (http)
2018-06-20 13:21:53.652  INFO 69635 --- [main] o.apache.catalina.core.StandardService   : Starting service [Tomcat]
2018-06-20 13:21:53.653  INFO 69635 --- [main] org.apache.catalina.core.StandardEngine  : Starting Servlet Engine: Apache Tomcat/8.5.31
2018-06-20 13:21:53.674  INFO 69635 --- [localhost-startStop-1] o.a.catalina.core.AprLifecycleListener   : The APR based Apache Tomcat Native library which allows optimal performance in production environments was not found on the java.library.path: [/Users/zj/Library/Java/Extensions:/Library/Java/Extensions:/Network/Library/Java/Extensions:/System/Library/Java/Extensions:/usr/lib/java:.]
2018-06-20 13:21:53.821  INFO 69635 --- [localhost-startStop-1] o.a.c.c.C.[Tomcat].[localhost].[/]       : Initializing Spring embedded WebApplicationContext
2018-06-20 13:21:53.822  INFO 69635 --- [localhost-startStop-1] o.s.web.context.ContextLoader            : Root WebApplicationContext: initialization completed in 3036 ms
2018-06-20 13:21:54.039  INFO 69635 --- [localhost-startStop-1] o.s.b.w.servlet.ServletRegistrationBean  : Servlet dispatcherServlet mapped to [/]
2018-06-20 13:21:54.047  INFO 69635 --- [localhost-startStop-1] o.s.b.w.servlet.FilterRegistrationBean   : Mapping filter: 'characterEncodingFilter' to: [/*]
2018-06-20 13:21:54.048  INFO 69635 --- [localhost-startStop-1] o.s.b.w.servlet.FilterRegistrationBean   : Mapping filter: 'hiddenHttpMethodFilter' to: [/*]
2018-06-20 13:21:54.048  INFO 69635 --- [localhost-startStop-1] o.s.b.w.servlet.FilterRegistrationBean   : Mapping filter: 'httpPutFormContentFilter' to: [/*]
2018-06-20 13:21:54.048  INFO 69635 --- [localhost-startStop-1] o.s.b.w.servlet.FilterRegistrationBean   : Mapping filter: 'requestContextFilter' to: [/*]
2018-06-20 13:21:54.323  INFO 69635 --- [main] com.zaxxer.hikari.HikariDataSource       : HikariPool-1 - Starting...
2018-06-20 13:21:55.044  INFO 69635 --- [main] com.zaxxer.hikari.HikariDataSource       : HikariPool-1 - Start completed.
2018-06-20 13:21:55.127  INFO 69635 --- [main] j.LocalContainerEntityManagerFactoryBean : Building JPA container EntityManagerFactory for persistence unit 'default'
2018-06-20 13:21:55.159  INFO 69635 --- [main] o.hibernate.jpa.internal.util.LogHelper  : HHH000204: Processing PersistenceUnitInfo [
	name: default
	...]
2018-06-20 13:21:55.302  INFO 69635 --- [main] org.hibernate.Version                    : HHH000412: Hibernate Core {5.2.17.Final}
2018-06-20 13:21:55.304  INFO 69635 --- [main] org.hibernate.cfg.Environment            : HHH000206: hibernate.properties not found
2018-06-20 13:21:55.370  INFO 69635 --- [main] o.hibernate.annotations.common.Version   : HCANN000001: Hibernate Commons Annotations {5.0.1.Final}
2018-06-20 13:21:55.730  INFO 69635 --- [main] org.hibernate.dialect.Dialect            : HHH000400: Using dialect: org.hibernate.dialect.MySQL5Dialect
2018-06-20 13:21:56.634  INFO 69635 --- [main] j.LocalContainerEntityManagerFactoryBean : Initialized JPA EntityManagerFactory for persistence unit 'default'
2018-06-20 13:21:57.564  INFO 69635 --- [main] o.s.w.s.handler.SimpleUrlHandlerMapping  : Mapped URL path [/**/favicon.ico] onto handler of type [class org.springframework.web.servlet.resource.ResourceHttpRequestHandler]
2018-06-20 13:21:58.085  INFO 69635 --- [main] s.w.s.m.m.a.RequestMappingHandlerAdapter : Looking for @ControllerAdvice: org.springframework.boot.web.servlet.context.AnnotationConfigServletWebServerApplicationContext@ba4d54: startup date [Wed Jun 20 13:21:50 HKT 2018]; root of context hierarchy
2018-06-20 13:21:58.192  WARN 69635 --- [main] aWebConfiguration$JpaWebMvcConfiguration : spring.jpa.open-in-view is enabled by default. Therefore, database queries may be performed during view rendering. Explicitly configure spring.jpa.open-in-view to disable this warning
2018-06-20 13:21:58.276  INFO 69635 --- [main] s.w.s.m.m.a.RequestMappingHandlerMapping : Mapped "{[/hello],methods=[GET]}" onto public java.lang.String com.example.contoller.DemoController.index()
2018-06-20 13:21:58.278  INFO 69635 --- [main] s.w.s.m.m.a.RequestMappingHandlerMapping : Mapped "{[/{name}],methods=[GET]}" onto public java.lang.String com.example.contoller.DemoController.index(java.lang.String)
2018-06-20 13:21:58.279  INFO 69635 --- [main] s.w.s.m.m.a.RequestMappingHandlerMapping : Mapped "{[/home]}" onto public java.lang.String com.example.contoller.DemoController.home()
2018-06-20 13:21:58.280  INFO 69635 --- [main] s.w.s.m.m.a.RequestMappingHandlerMapping : Mapped "{[/get],methods=[GET]}" onto public com.example.dao.Person com.example.contoller.DemoController.getP(java.lang.String)
2018-06-20 13:21:58.281  INFO 69635 --- [main] s.w.s.m.m.a.RequestMappingHandlerMapping : Mapped "{[/setname],methods=[POST]}" onto public java.lang.String com.example.contoller.DemoController.setname(com.example.dao.Person)
2018-06-20 13:21:58.283  INFO 69635 --- [main] s.w.s.m.m.a.RequestMappingHandlerMapping : Mapped "{[/viewDetail]}" onto public java.lang.String com.example.contoller.DemoController.addQuestion(java.util.Map<java.lang.String, java.lang.Object>)
2018-06-20 13:21:58.284  INFO 69635 --- [main] s.w.s.m.m.a.RequestMappingHandlerMapping : Mapped "{[/testpost],methods=[POST]}" onto public java.lang.String com.example.contoller.DemoController.testpost()
2018-06-20 13:21:58.285  INFO 69635 --- [main] s.w.s.m.m.a.RequestMappingHandlerMapping : Mapped "{[/HelloController],methods=[GET]}" onto public java.lang.String com.example.contoller.DemoController$HelloController.sayHello(java.lang.Integer)
2018-06-20 13:21:58.293  INFO 69635 --- [main] s.w.s.m.m.a.RequestMappingHandlerMapping : Mapped "{[/error]}" onto public org.springframework.http.ResponseEntity<java.util.Map<java.lang.String, java.lang.Object>> org.springframework.boot.autoconfigure.web.servlet.error.BasicErrorController.error(javax.servlet.http.HttpServletRequest)
2018-06-20 13:21:58.295  INFO 69635 --- [main] s.w.s.m.m.a.RequestMappingHandlerMapping : Mapped "{[/error],produces=[text/html]}" onto public org.springframework.web.servlet.ModelAndView org.springframework.boot.autoconfigure.web.servlet.error.BasicErrorController.errorHtml(javax.servlet.http.HttpServletRequest,javax.servlet.http.HttpServletResponse)
2018-06-20 13:21:58.412  INFO 69635 --- [main] o.s.w.s.handler.SimpleUrlHandlerMapping  : Mapped URL path [/webjars/**] onto handler of type [class org.springframework.web.servlet.resource.ResourceHttpRequestHandler]
2018-06-20 13:21:58.413  INFO 69635 --- [main] o.s.w.s.handler.SimpleUrlHandlerMapping  : Mapped URL path [/**] onto handler of type [class org.springframework.web.servlet.resource.ResourceHttpRequestHandler]
2018-06-20 13:21:58.939  INFO 69635 --- [main] o.s.j.e.a.AnnotationMBeanExporter        : Registering beans for JMX exposure on startup
2018-06-20 13:21:58.941  INFO 69635 --- [main] o.s.j.e.a.AnnotationMBeanExporter        : Bean with name 'dataSource' has been autodetected for JMX exposure
2018-06-20 13:21:58.949  INFO 69635 --- [main] o.s.j.e.a.AnnotationMBeanExporter        : Located MBean 'dataSource': registering with JMX server as MBean [com.zaxxer.hikari:name=dataSource,type=HikariDataSource]
2018-06-20 13:21:59.027  INFO 69635 --- [main] o.s.b.w.embedded.tomcat.TomcatWebServer  : Tomcat started on port(s): 9090 (http) with context path ''
2018-06-20 13:21:59.033  INFO 69635 --- [main] c.e.SpringMysqlHibernateApplication      : Started SpringMysqlHibernateApplication in 9.251 seconds (JVM running for 10.009)
2018-06-20 13:22:15.462  INFO 69635 --- [http-nio-9090-exec-1] o.a.c.c.C.[Tomcat].[localhost].[/]       : Initializing Spring FrameworkServlet 'dispatcherServlet'
2018-06-20 13:22:15.464  INFO 69635 --- [http-nio-9090-exec-1] o.s.web.servlet.DispatcherServlet        : FrameworkServlet 'dispatcherServlet': initialization started
2018-06-20 13:22:15.508  INFO 69635 --- [http-nio-9090-exec-1] o.s.web.servlet.DispatcherServlet        : FrameworkServlet 'dispatcherServlet': initialization completed in 43 ms
2018-06-20 13:22:15.756  INFO 69635 --- [http-nio-9090-exec-1] com.example.contoller.DemoController     : test info level
2018-06-20 13:22:15.757  WARN 69635 --- [http-nio-9090-exec-1] com.example.contoller.DemoController     : test warn level
2018-06-20 13:22:15.757 ERROR 69635 --- [http-nio-9090-exec-1] com.example.contoller.DemoController     : test error level
2018-06-20 13:22:15.757 ERROR 69635 --- [http-nio-9090-exec-1] com.example.contoller.DemoController     : test fatal level
2018-06-20 13:22:15.757  INFO 69635 --- [http-nio-9090-exec-1] com.example.contoller.DemoController     : test name:zj
2018-06-20 13:22:15.758  INFO 69635 --- [http-nio-9090-exec-1] com.example.contoller.DemoController     : test addr:zj
2018-06-20 13:22:15.758  INFO 69635 --- [http-nio-9090-exec-1] com.example.contoller.DemoController     : test id:222222222
2018-06-20 13:22:48.878  INFO 69635 --- [Thread-3] ConfigServletWebServerApplicationContext : Closing org.springframework.boot.web.servlet.context.AnnotationConfigServletWebServerApplicationContext@ba4d54: startup date [Wed Jun 20 13:21:50 HKT 2018]; root of context hierarchy
2018-06-20 13:22:48.885  INFO 69635 --- [Thread-3] o.s.j.e.a.AnnotationMBeanExporter        : Unregistering JMX-exposed beans on shutdown
2018-06-20 13:22:48.887  INFO 69635 --- [Thread-3] o.s.j.e.a.AnnotationMBeanExporter        : Unregistering JMX-exposed beans
2018-06-20 13:22:48.890  INFO 69635 --- [Thread-3] j.LocalContainerEntityManagerFactoryBean : Closing JPA EntityManagerFactory for persistence unit 'default'
2018-06-20 13:22:48.895  INFO 69635 --- [Thread-3] com.zaxxer.hikari.HikariDataSource       : HikariPool-1 - Shutdown initiated...
2018-06-20 13:22:48.928  INFO 69635 --- [Thread-3] com.zaxxer.hikari.HikariDataSource       : HikariPool-1 - Shutdown completed.
2018-06-20 13:23:39.769  INFO 69703 --- [main] c.e.SpringMysqlHibernateApplication      : Starting SpringMysqlHibernateApplication v0.0.1-SNAPSHOT on zjdeMacBook-Air.local with PID 69703 (/Users/zj/Documents/company_code/IdeaProjects/spring-mysql-hibernate/target/demo-0.0.1-SNAPSHOT.jar started by zj in /Users/zj/Documents/company_code/IdeaProjects/spring-mysql-hibernate)
2018-06-20 13:23:39.800  INFO 69703 --- [main] c.e.SpringMysqlHibernateApplication      : No active profile set, falling back to default profiles: default
2018-06-20 13:23:40.087  INFO 69703 --- [main] ConfigServletWebServerApplicationContext : Refreshing org.springframework.boot.web.servlet.context.AnnotationConfigServletWebServerApplicationContext@6f79caec: startup date [Wed Jun 20 13:23:40 HKT 2018]; root of context hierarchy
2018-06-20 13:23:44.008  INFO 69703 --- [main] trationDelegate$BeanPostProcessorChecker : Bean 'org.springframework.transaction.annotation.ProxyTransactionManagementConfiguration' of type [org.springframework.transaction.annotation.ProxyTransactionManagementConfiguration$$EnhancerBySpringCGLIB$$53c50597] is not eligible for getting processed by all BeanPostProcessors (for example: not eligible for auto-proxying)
2018-06-20 13:23:45.031  INFO 69703 --- [main] o.s.b.w.embedded.tomcat.TomcatWebServer  : Tomcat initialized with port(s): 9090 (http)
2018-06-20 13:23:45.167  INFO 69703 --- [main] o.apache.catalina.core.StandardService   : Starting service [Tomcat]
2018-06-20 13:23:45.168  INFO 69703 --- [main] org.apache.catalina.core.StandardEngine  : Starting Servlet Engine: Apache Tomcat/8.5.31
2018-06-20 13:23:45.222  INFO 69703 --- [localhost-startStop-1] o.a.catalina.core.AprLifecycleListener   : The APR based Apache Tomcat Native library which allows optimal performance in production environments was not found on the java.library.path: [/Users/zj/Library/Java/Extensions:/Library/Java/Extensions:/Network/Library/Java/Extensions:/System/Library/Java/Extensions:/usr/lib/java:.]
2018-06-20 13:23:45.598  INFO 69703 --- [localhost-startStop-1] o.a.c.c.C.[Tomcat].[localhost].[/]       : Initializing Spring embedded WebApplicationContext
2018-06-20 13:23:45.603  INFO 69703 --- [localhost-startStop-1] o.s.web.context.ContextLoader            : Root WebApplicationContext: initialization completed in 5516 ms
2018-06-20 13:23:46.067  INFO 69703 --- [localhost-startStop-1] o.s.b.w.servlet.ServletRegistrationBean  : Servlet dispatcherServlet mapped to [/]
2018-06-20 13:23:46.105  INFO 69703 --- [localhost-startStop-1] o.s.b.w.servlet.FilterRegistrationBean   : Mapping filter: 'characterEncodingFilter' to: [/*]
2018-06-20 13:23:46.111  INFO 69703 --- [localhost-startStop-1] o.s.b.w.servlet.FilterRegistrationBean   : Mapping filter: 'hiddenHttpMethodFilter' to: [/*]
2018-06-20 13:23:46.112  INFO 69703 --- [localhost-startStop-1] o.s.b.w.servlet.FilterRegistrationBean   : Mapping filter: 'httpPutFormContentFilter' to: [/*]
2018-06-20 13:23:46.112  INFO 69703 --- [localhost-startStop-1] o.s.b.w.servlet.FilterRegistrationBean   : Mapping filter: 'requestContextFilter' to: [/*]
2018-06-20 13:23:46.822  INFO 69703 --- [main] com.zaxxer.hikari.HikariDataSource       : HikariPool-1 - Starting...
2018-06-20 13:23:47.941  INFO 69703 --- [main] com.zaxxer.hikari.HikariDataSource       : HikariPool-1 - Start completed.
2018-06-20 13:23:48.085  INFO 69703 --- [main] j.LocalContainerEntityManagerFactoryBean : Building JPA container EntityManagerFactory for persistence unit 'default'
2018-06-20 13:23:48.207  INFO 69703 --- [main] o.hibernate.jpa.internal.util.LogHelper  : HHH000204: Processing PersistenceUnitInfo [
	name: default
	...]
2018-06-20 13:23:48.723  INFO 69703 --- [main] org.hibernate.Version                    : HHH000412: Hibernate Core {5.2.17.Final}
2018-06-20 13:23:48.792  INFO 69703 --- [main] org.hibernate.cfg.Environment            : HHH000206: hibernate.properties not found
2018-06-20 13:23:49.071  INFO 69703 --- [main] o.hibernate.annotations.common.Version   : HCANN000001: Hibernate Commons Annotations {5.0.1.Final}
2018-06-20 13:23:49.872  INFO 69703 --- [main] org.hibernate.dialect.Dialect            : HHH000400: Using dialect: org.hibernate.dialect.MySQL5Dialect
2018-06-20 13:23:51.768  INFO 69703 --- [main] j.LocalContainerEntityManagerFactoryBean : Initialized JPA EntityManagerFactory for persistence unit 'default'
2018-06-20 13:23:52.901  INFO 69703 --- [main] o.s.w.s.handler.SimpleUrlHandlerMapping  : Mapped URL path [/**/favicon.ico] onto handler of type [class org.springframework.web.servlet.resource.ResourceHttpRequestHandler]
2018-06-20 13:23:53.668  INFO 69703 --- [main] s.w.s.m.m.a.RequestMappingHandlerAdapter : Looking for @ControllerAdvice: org.springframework.boot.web.servlet.context.AnnotationConfigServletWebServerApplicationContext@6f79caec: startup date [Wed Jun 20 13:23:40 HKT 2018]; root of context hierarchy
2018-06-20 13:23:53.840  WARN 69703 --- [main] aWebConfiguration$JpaWebMvcConfiguration : spring.jpa.open-in-view is enabled by default. Therefore, database queries may be performed during view rendering. Explicitly configure spring.jpa.open-in-view to disable this warning
2018-06-20 13:23:54.001  INFO 69703 --- [main] s.w.s.m.m.a.RequestMappingHandlerMapping : Mapped "{[/hello],methods=[GET]}" onto public java.lang.String com.example.contoller.DemoController.index()
2018-06-20 13:23:54.005  INFO 69703 --- [main] s.w.s.m.m.a.RequestMappingHandlerMapping : Mapped "{[/{name}],methods=[GET]}" onto public java.lang.String com.example.contoller.DemoController.index(java.lang.String)
2018-06-20 13:23:54.006  INFO 69703 --- [main] s.w.s.m.m.a.RequestMappingHandlerMapping : Mapped "{[/home]}" onto public java.lang.String com.example.contoller.DemoController.home()
2018-06-20 13:23:54.008  INFO 69703 --- [main] s.w.s.m.m.a.RequestMappingHandlerMapping : Mapped "{[/get],methods=[GET]}" onto public com.example.dao.Person com.example.contoller.DemoController.getP(java.lang.String)
2018-06-20 13:23:54.011  INFO 69703 --- [main] s.w.s.m.m.a.RequestMappingHandlerMapping : Mapped "{[/setname],methods=[POST]}" onto public java.lang.String com.example.contoller.DemoController.setname(com.example.dao.Person)
2018-06-20 13:23:54.012  INFO 69703 --- [main] s.w.s.m.m.a.RequestMappingHandlerMapping : Mapped "{[/testpost],methods=[POST]}" onto public java.lang.String com.example.contoller.DemoController.testpost()
2018-06-20 13:23:54.013  INFO 69703 --- [main] s.w.s.m.m.a.RequestMappingHandlerMapping : Mapped "{[/viewDetail]}" onto public java.lang.String com.example.contoller.DemoController.addQuestion(java.util.Map<java.lang.String, java.lang.Object>)
2018-06-20 13:23:54.015  INFO 69703 --- [main] s.w.s.m.m.a.RequestMappingHandlerMapping : Mapped "{[/HelloController],methods=[GET]}" onto public java.lang.String com.example.contoller.DemoController$HelloController.sayHello(java.lang.Integer)
2018-06-20 13:23:54.021  INFO 69703 --- [main] s.w.s.m.m.a.RequestMappingHandlerMapping : Mapped "{[/error]}" onto public org.springframework.http.ResponseEntity<java.util.Map<java.lang.String, java.lang.Object>> org.springframework.boot.autoconfigure.web.servlet.error.BasicErrorController.error(javax.servlet.http.HttpServletRequest)
2018-06-20 13:23:54.048  INFO 69703 --- [main] s.w.s.m.m.a.RequestMappingHandlerMapping : Mapped "{[/error],produces=[text/html]}" onto public org.springframework.web.servlet.ModelAndView org.springframework.boot.autoconfigure.web.servlet.error.BasicErrorController.errorHtml(javax.servlet.http.HttpServletRequest,javax.servlet.http.HttpServletResponse)
2018-06-20 13:23:54.138  INFO 69703 --- [main] o.s.w.s.handler.SimpleUrlHandlerMapping  : Mapped URL path [/webjars/**] onto handler of type [class org.springframework.web.servlet.resource.ResourceHttpRequestHandler]
2018-06-20 13:23:54.139  INFO 69703 --- [main] o.s.w.s.handler.SimpleUrlHandlerMapping  : Mapped URL path [/**] onto handler of type [class org.springframework.web.servlet.resource.ResourceHttpRequestHandler]
2018-06-20 13:23:54.670  INFO 69703 --- [main] o.s.j.e.a.AnnotationMBeanExporter        : Registering beans for JMX exposure on startup
2018-06-20 13:23:54.681  INFO 69703 --- [main] o.s.j.e.a.AnnotationMBeanExporter        : Bean with name 'dataSource' has been autodetected for JMX exposure
2018-06-20 13:23:54.695  INFO 69703 --- [main] o.s.j.e.a.AnnotationMBeanExporter        : Located MBean 'dataSource': registering with JMX server as MBean [com.zaxxer.hikari:name=dataSource,type=HikariDataSource]
2018-06-20 13:23:54.840  INFO 69703 --- [main] o.s.b.w.embedded.tomcat.TomcatWebServer  : Tomcat started on port(s): 9090 (http) with context path ''
2018-06-20 13:23:54.847  INFO 69703 --- [main] c.e.SpringMysqlHibernateApplication      : Started SpringMysqlHibernateApplication in 17.298 seconds (JVM running for 20.091)
